<?xml version="1.0" encoding="UTF-8"?>
<testng-results ignored="6" total="13" passed="5" failed="2" skipped="0">
  <reporter-output>
  </reporter-output>
  <suite started-at="2022-02-25T13:57:06 IST" name="Suite" finished-at="2022-02-25T13:59:57 IST" duration-ms="171346">
    <groups>
      <group name="Regression">
        <method signature="Loginpagetest.loginpage(java.lang.String,java.lang.String,java.lang.String)[pri:0, instance:Testcases.Loginpagetest@25084a1e]" name="loginpage" class="Testcases.Loginpagetest"/>
        <method signature="Productavailability.product(java.lang.String,java.lang.String,java.lang.String)[pri:0, instance:Testcases.Productavailability@662b4c69]" name="product" class="Testcases.Productavailability"/>
      </group> <!-- Regression -->
      <group name="smoke">
        <method signature="Demo.verifyLogo(java.lang.String,java.lang.String,java.lang.String)[pri:0, instance:Testcases.Demo@bd4dc25]" name="verifyLogo" class="Testcases.Demo"/>
        <method signature="Loginpagetest.loginpage(java.lang.String,java.lang.String,java.lang.String)[pri:0, instance:Testcases.Loginpagetest@25084a1e]" name="loginpage" class="Testcases.Loginpagetest"/>
        <method signature="VerifyProduct.availabilityofproduct(java.lang.String,java.lang.String,java.lang.String)[pri:0, instance:Testcases.VerifyProduct@4efc180e]" name="availabilityofproduct" class="Testcases.VerifyProduct"/>
      </group> <!-- smoke -->
    </groups>
    <test started-at="2022-02-25T13:57:06 IST" name="Test" finished-at="2022-02-25T13:59:57 IST" duration-ms="171346">
      <class name="Testcases.VerifyProduct">
        <test-method is-config="true" signature="initialization()[pri:0, instance:Testcases.VerifyProduct@4efc180e]" started-at="2022-02-25T13:57:06 IST" name="initialization" finished-at="2022-02-25T13:57:31 IST" duration-ms="24841" status="PASS">
          <reporter-output>
          </reporter-output>
        </test-method> <!-- initialization -->
        <test-method signature="availabilityofproduct(java.lang.String,java.lang.String,java.lang.String)[pri:0, instance:Testcases.VerifyProduct@4efc180e]" started-at="2022-02-25T13:57:31 IST" name="availabilityofproduct" data-provider="getrdata" finished-at="2022-02-25T13:58:33 IST" duration-ms="61986" status="FAIL">
          <params>
            <param index="0">
              <value>
                <![CDATA[9701763306]]>
              </value>
            </param>
            <param index="1">
              <value>
                <![CDATA[prava@56789]]>
              </value>
            </param>
            <param index="2">
              <value>
                <![CDATA[registered user]]>
              </value>
            </param>
          </params>
          <exception class="org.openqa.selenium.NoSuchElementException">
            <message>
              <![CDATA[no such element: Unable to locate element: {"method":"css selector","selector":"a[title='MIKE PRO Running Shoes For Men']"}
  (Session info: chrome=98.0.4758.102)
For documentation on this error, please visit: https://selenium.dev/exceptions/#no_such_element
Build info: version: '4.1.0', revision: '87802e897b'
System info: host: 'SIS-PC', ip: '192.168.29.16', os.name: 'Windows 7', os.arch: 'amd64', os.version: '6.1', java.version: '11.0.13'
Driver info: org.openqa.selenium.chrome.ChromeDriver
Command: [1530b51748838c0e984543c75bdc2c4d, findElement {using=css selector, value=a[title='MIKE PRO Running Shoes For Men']}]
Capabilities {acceptInsecureCerts: false, browserName: chrome, browserVersion: 98.0.4758.102, chrome: {chromedriverVersion: 98.0.4758.80 (7f0488e8ba0d8..., userDataDir: C:\Users\ADMINI~1\AppData\L...}, goog:chromeOptions: {debuggerAddress: localhost:59263}, javascriptEnabled: true, networkConnectionEnabled: false, pageLoadStrategy: normal, platform: WINDOWS, platformName: WINDOWS, proxy: Proxy(), se:cdp: ws://localhost:59263/devtoo..., se:cdpVersion: 98.0.4758.102, setWindowRect: true, strictFileInteractability: false, timeouts: {implicit: 0, pageLoad: 300000, script: 30000}, unhandledPromptBehavior: dismiss and notify, webauthn:extension:credBlob: true, webauthn:extension:largeBlob: true, webauthn:virtualAuthenticators: true}
Session ID: 1530b51748838c0e984543c75bdc2c4d]]>
            </message>
            <full-stacktrace>
              <![CDATA[org.openqa.selenium.NoSuchElementException: no such element: Unable to locate element: {"method":"css selector","selector":"a[title='MIKE PRO Running Shoes For Men']"}
  (Session info: chrome=98.0.4758.102)
For documentation on this error, please visit: https://selenium.dev/exceptions/#no_such_element
Build info: version: '4.1.0', revision: '87802e897b'
System info: host: 'SIS-PC', ip: '192.168.29.16', os.name: 'Windows 7', os.arch: 'amd64', os.version: '6.1', java.version: '11.0.13'
Driver info: org.openqa.selenium.chrome.ChromeDriver
Command: [1530b51748838c0e984543c75bdc2c4d, findElement {using=css selector, value=a[title='MIKE PRO Running Shoes For Men']}]
Capabilities {acceptInsecureCerts: false, browserName: chrome, browserVersion: 98.0.4758.102, chrome: {chromedriverVersion: 98.0.4758.80 (7f0488e8ba0d8..., userDataDir: C:\Users\ADMINI~1\AppData\L...}, goog:chromeOptions: {debuggerAddress: localhost:59263}, javascriptEnabled: true, networkConnectionEnabled: false, pageLoadStrategy: normal, platform: WINDOWS, platformName: WINDOWS, proxy: Proxy(), se:cdp: ws://localhost:59263/devtoo..., se:cdpVersion: 98.0.4758.102, setWindowRect: true, strictFileInteractability: false, timeouts: {implicit: 0, pageLoad: 300000, script: 30000}, unhandledPromptBehavior: dismiss and notify, webauthn:extension:credBlob: true, webauthn:extension:largeBlob: true, webauthn:virtualAuthenticators: true}
Session ID: 1530b51748838c0e984543c75bdc2c4d
at java.base/jdk.internal.reflect.NativeConstructorAccessorImpl.newInstance0(Native Method)
at java.base/jdk.internal.reflect.NativeConstructorAccessorImpl.newInstance(NativeConstructorAccessorImpl.java:62)
at java.base/jdk.internal.reflect.DelegatingConstructorAccessorImpl.newInstance(DelegatingConstructorAccessorImpl.java:45)
at java.base/java.lang.reflect.Constructor.newInstance(Constructor.java:490)
at org.openqa.selenium.remote.codec.w3c.W3CHttpResponseCodec.createException(W3CHttpResponseCodec.java:200)
at org.openqa.selenium.remote.codec.w3c.W3CHttpResponseCodec.decode(W3CHttpResponseCodec.java:133)
at org.openqa.selenium.remote.codec.w3c.W3CHttpResponseCodec.decode(W3CHttpResponseCodec.java:53)
at org.openqa.selenium.remote.HttpCommandExecutor.execute(HttpCommandExecutor.java:184)
at org.openqa.selenium.remote.service.DriverCommandExecutor.invokeExecute(DriverCommandExecutor.java:164)
at org.openqa.selenium.remote.service.DriverCommandExecutor.execute(DriverCommandExecutor.java:139)
at org.openqa.selenium.remote.RemoteWebDriver.execute(RemoteWebDriver.java:559)
at org.openqa.selenium.remote.ElementLocation$ElementFinder$2.findElement(ElementLocation.java:162)
at org.openqa.selenium.remote.ElementLocation.findElement(ElementLocation.java:60)
at org.openqa.selenium.remote.RemoteWebDriver.findElement(RemoteWebDriver.java:383)
at org.openqa.selenium.remote.RemoteWebDriver.findElement(RemoteWebDriver.java:375)
at org.openqa.selenium.support.pagefactory.DefaultElementLocator.findElement(DefaultElementLocator.java:70)
at org.openqa.selenium.support.pagefactory.internal.LocatingElementHandler.invoke(LocatingElementHandler.java:39)
at com.sun.proxy.$Proxy17.click(Unknown Source)
at flipkart.Searchresultspage.selectproduct(Searchresultspage.java:45)
at Testcases.VerifyProduct.availabilityofproduct(VerifyProduct.java:45)
at java.base/jdk.internal.reflect.NativeMethodAccessorImpl.invoke0(Native Method)
at java.base/jdk.internal.reflect.NativeMethodAccessorImpl.invoke(NativeMethodAccessorImpl.java:62)
at java.base/jdk.internal.reflect.DelegatingMethodAccessorImpl.invoke(DelegatingMethodAccessorImpl.java:43)
at java.base/java.lang.reflect.Method.invoke(Method.java:566)
at org.testng.internal.MethodInvocationHelper.invokeMethod(MethodInvocationHelper.java:133)
at org.testng.internal.TestInvoker.invokeMethod(TestInvoker.java:598)
at org.testng.internal.TestInvoker.invokeTestMethod(TestInvoker.java:173)
at org.testng.internal.MethodRunner.runInSequence(MethodRunner.java:46)
at org.testng.internal.TestInvoker$MethodInvocationAgent.invoke(TestInvoker.java:824)
at org.testng.internal.TestInvoker.invokeTestMethods(TestInvoker.java:146)
at org.testng.internal.TestMethodWorker.invokeTestMethods(TestMethodWorker.java:146)
at org.testng.internal.TestMethodWorker.run(TestMethodWorker.java:128)
at java.base/java.util.concurrent.ThreadPoolExecutor.runWorker(ThreadPoolExecutor.java:1128)
at java.base/java.util.concurrent.ThreadPoolExecutor$Worker.run(ThreadPoolExecutor.java:628)
at java.base/java.lang.Thread.run(Thread.java:834)
]]>
            </full-stacktrace>
          </exception> <!-- org.openqa.selenium.NoSuchElementException -->
          <reporter-output>
          </reporter-output>
        </test-method> <!-- availabilityofproduct -->
        <test-method is-config="true" signature="closur()[pri:0, instance:Testcases.VerifyProduct@4efc180e]" started-at="2022-02-25T13:58:34 IST" name="closur" finished-at="2022-02-25T13:58:35 IST" duration-ms="1387" status="PASS">
          <reporter-output>
          </reporter-output>
        </test-method> <!-- closur -->
      </class> <!-- Testcases.VerifyProduct -->
      <class name="Testcases.Loginpagetest">
        <test-method is-config="true" signature="initialization()[pri:0, instance:Testcases.Loginpagetest@25084a1e]" started-at="2022-02-25T13:58:35 IST" name="initialization" finished-at="2022-02-25T13:58:44 IST" duration-ms="8365" status="PASS">
          <reporter-output>
          </reporter-output>
        </test-method> <!-- initialization -->
        <test-method signature="loginpage(java.lang.String,java.lang.String,java.lang.String)[pri:0, instance:Testcases.Loginpagetest@25084a1e]" started-at="2022-02-25T13:58:44 IST" name="loginpage" data-provider="getdata" finished-at="2022-02-25T13:58:49 IST" duration-ms="5459" status="PASS">
          <params>
            <param index="0">
              <value>
                <![CDATA[9701763306]]>
              </value>
            </param>
            <param index="1">
              <value>
                <![CDATA[prava@56789]]>
              </value>
            </param>
            <param index="2">
              <value>
                <![CDATA[registered user]]>
              </value>
            </param>
          </params>
          <reporter-output>
          </reporter-output>
        </test-method> <!-- loginpage -->
        <test-method is-config="true" signature="closur()[pri:0, instance:Testcases.Loginpagetest@25084a1e]" started-at="2022-02-25T13:58:49 IST" name="closur" finished-at="2022-02-25T13:58:51 IST" duration-ms="1379" status="PASS">
          <reporter-output>
          </reporter-output>
        </test-method> <!-- closur -->
        <test-method is-config="true" signature="initialization()[pri:0, instance:Testcases.Loginpagetest@25084a1e]" started-at="2022-02-25T13:58:51 IST" name="initialization" finished-at="2022-02-25T13:58:59 IST" duration-ms="8766" status="PASS">
          <reporter-output>
          </reporter-output>
        </test-method> <!-- initialization -->
        <test-method signature="loginpage(java.lang.String,java.lang.String,java.lang.String)[pri:0, instance:Testcases.Loginpagetest@25084a1e]" started-at="2022-02-25T13:58:59 IST" name="loginpage" data-provider="getdata" finished-at="2022-02-25T13:59:27 IST" duration-ms="27705" status="PASS">
          <params>
            <param index="0">
              <value>
                <![CDATA[7386765247]]>
              </value>
            </param>
            <param index="1">
              <value>
                <![CDATA[rama@1234]]>
              </value>
            </param>
            <param index="2">
              <value>
                <![CDATA[unregistered user]]>
              </value>
            </param>
          </params>
          <reporter-output>
          </reporter-output>
        </test-method> <!-- loginpage -->
        <test-method is-config="true" signature="closur()[pri:0, instance:Testcases.Loginpagetest@25084a1e]" started-at="2022-02-25T13:59:27 IST" name="closur" finished-at="2022-02-25T13:59:28 IST" duration-ms="999" status="PASS">
          <reporter-output>
          </reporter-output>
        </test-method> <!-- closur -->
        <test-method is-config="true" signature="initialization()[pri:0, instance:Testcases.Loginpagetest@25084a1e]" started-at="2022-02-25T13:59:28 IST" name="initialization" finished-at="2022-02-25T13:59:38 IST" duration-ms="9486" status="PASS">
          <reporter-output>
          </reporter-output>
        </test-method> <!-- initialization -->
        <test-method signature="loginpage(java.lang.String,java.lang.String,java.lang.String)[pri:0, instance:Testcases.Loginpagetest@25084a1e]" started-at="2022-02-25T13:59:38 IST" name="loginpage" data-provider="getdata" finished-at="2022-02-25T13:59:42 IST" duration-ms="4462" status="PASS">
          <params>
            <param index="0">
              <value>
                <![CDATA[kjlskjdljs]]>
              </value>
            </param>
            <param index="1">
              <value>
                <![CDATA[jshdjklsd]]>
              </value>
            </param>
            <param index="2">
              <value>
                <![CDATA[bothwrong]]>
              </value>
            </param>
          </params>
          <reporter-output>
          </reporter-output>
        </test-method> <!-- loginpage -->
        <test-method is-config="true" signature="closur()[pri:0, instance:Testcases.Loginpagetest@25084a1e]" started-at="2022-02-25T13:59:42 IST" name="closur" finished-at="2022-02-25T13:59:43 IST" duration-ms="951" status="PASS">
          <reporter-output>
          </reporter-output>
        </test-method> <!-- closur -->
        <test-method is-config="true" signature="initialization()[pri:0, instance:Testcases.Loginpagetest@25084a1e]" started-at="2022-02-25T13:59:43 IST" name="initialization" finished-at="2022-02-25T13:59:52 IST" duration-ms="8917" status="PASS">
          <reporter-output>
          </reporter-output>
        </test-method> <!-- initialization -->
        <test-method signature="loginpage(java.lang.String,java.lang.String,java.lang.String)[pri:0, instance:Testcases.Loginpagetest@25084a1e]" started-at="2022-02-25T13:59:52 IST" name="loginpage" data-provider="getdata" finished-at="2022-02-25T13:59:56 IST" duration-ms="4184" status="PASS">
          <params>
            <param index="0">
              <value>
                <![CDATA[ ]]>
              </value>
            </param>
            <param index="1">
              <value>
                <![CDATA[ ]]>
              </value>
            </param>
            <param index="2">
              <value>
                <![CDATA[nill]]>
              </value>
            </param>
          </params>
          <reporter-output>
          </reporter-output>
        </test-method> <!-- loginpage -->
        <test-method is-config="true" signature="closur()[pri:0, instance:Testcases.Loginpagetest@25084a1e]" started-at="2022-02-25T13:59:56 IST" name="closur" finished-at="2022-02-25T13:59:57 IST" duration-ms="893" status="PASS">
          <reporter-output>
          </reporter-output>
        </test-method> <!-- closur -->
      </class> <!-- Testcases.Loginpagetest -->
      <class name="Testcases.Productavailability">
        <test-method is-config="true" signature="setreports()[pri:0, instance:Testcases.Productavailability@662b4c69]" started-at="2022-02-25T13:57:05 IST" name="setreports" finished-at="2022-02-25T13:57:06 IST" duration-ms="653" status="PASS">
          <reporter-output>
          </reporter-output>
        </test-method> <!-- setreports -->
        <test-method is-config="true" signature="initialization()[pri:0, instance:Testcases.Productavailability@662b4c69]" started-at="2022-02-25T13:57:06 IST" name="initialization" finished-at="2022-02-25T13:57:32 IST" duration-ms="26097" status="PASS">
          <reporter-output>
          </reporter-output>
        </test-method> <!-- initialization -->
        <test-method signature="product(java.lang.String,java.lang.String,java.lang.String)[pri:0, instance:Testcases.Productavailability@662b4c69]" started-at="2022-02-25T13:57:32 IST" name="product" data-provider="getrdata" finished-at="2022-02-25T13:58:17 IST" duration-ms="44738" status="FAIL">
          <params>
            <param index="0">
              <value>
                <![CDATA[9701763306]]>
              </value>
            </param>
            <param index="1">
              <value>
                <![CDATA[prava@56789]]>
              </value>
            </param>
            <param index="2">
              <value>
                <![CDATA[registered user]]>
              </value>
            </param>
          </params>
          <exception class="org.openqa.selenium.NoSuchElementException">
            <message>
              <![CDATA[no such element: Unable to locate element: {"method":"css selector","selector":"a[title='MIKE PRO Running Shoes For Men']"}
  (Session info: chrome=98.0.4758.102)
For documentation on this error, please visit: https://selenium.dev/exceptions/#no_such_element
Build info: version: '4.1.0', revision: '87802e897b'
System info: host: 'SIS-PC', ip: '192.168.29.16', os.name: 'Windows 7', os.arch: 'amd64', os.version: '6.1', java.version: '11.0.13'
Driver info: org.openqa.selenium.chrome.ChromeDriver
Command: [d1308b0407db316157f50e790dc0ae2e, findElement {using=css selector, value=a[title='MIKE PRO Running Shoes For Men']}]
Capabilities {acceptInsecureCerts: false, browserName: chrome, browserVersion: 98.0.4758.102, chrome: {chromedriverVersion: 98.0.4758.80 (7f0488e8ba0d8..., userDataDir: C:\Users\ADMINI~1\AppData\L...}, goog:chromeOptions: {debuggerAddress: localhost:59264}, javascriptEnabled: true, networkConnectionEnabled: false, pageLoadStrategy: normal, platform: WINDOWS, platformName: WINDOWS, proxy: Proxy(), se:cdp: ws://localhost:59264/devtoo..., se:cdpVersion: 98.0.4758.102, setWindowRect: true, strictFileInteractability: false, timeouts: {implicit: 0, pageLoad: 300000, script: 30000}, unhandledPromptBehavior: dismiss and notify, webauthn:extension:credBlob: true, webauthn:extension:largeBlob: true, webauthn:virtualAuthenticators: true}
Session ID: d1308b0407db316157f50e790dc0ae2e]]>
            </message>
            <full-stacktrace>
              <![CDATA[org.openqa.selenium.NoSuchElementException: no such element: Unable to locate element: {"method":"css selector","selector":"a[title='MIKE PRO Running Shoes For Men']"}
  (Session info: chrome=98.0.4758.102)
For documentation on this error, please visit: https://selenium.dev/exceptions/#no_such_element
Build info: version: '4.1.0', revision: '87802e897b'
System info: host: 'SIS-PC', ip: '192.168.29.16', os.name: 'Windows 7', os.arch: 'amd64', os.version: '6.1', java.version: '11.0.13'
Driver info: org.openqa.selenium.chrome.ChromeDriver
Command: [d1308b0407db316157f50e790dc0ae2e, findElement {using=css selector, value=a[title='MIKE PRO Running Shoes For Men']}]
Capabilities {acceptInsecureCerts: false, browserName: chrome, browserVersion: 98.0.4758.102, chrome: {chromedriverVersion: 98.0.4758.80 (7f0488e8ba0d8..., userDataDir: C:\Users\ADMINI~1\AppData\L...}, goog:chromeOptions: {debuggerAddress: localhost:59264}, javascriptEnabled: true, networkConnectionEnabled: false, pageLoadStrategy: normal, platform: WINDOWS, platformName: WINDOWS, proxy: Proxy(), se:cdp: ws://localhost:59264/devtoo..., se:cdpVersion: 98.0.4758.102, setWindowRect: true, strictFileInteractability: false, timeouts: {implicit: 0, pageLoad: 300000, script: 30000}, unhandledPromptBehavior: dismiss and notify, webauthn:extension:credBlob: true, webauthn:extension:largeBlob: true, webauthn:virtualAuthenticators: true}
Session ID: d1308b0407db316157f50e790dc0ae2e
at java.base/jdk.internal.reflect.NativeConstructorAccessorImpl.newInstance0(Native Method)
at java.base/jdk.internal.reflect.NativeConstructorAccessorImpl.newInstance(NativeConstructorAccessorImpl.java:62)
at java.base/jdk.internal.reflect.DelegatingConstructorAccessorImpl.newInstance(DelegatingConstructorAccessorImpl.java:45)
at java.base/java.lang.reflect.Constructor.newInstance(Constructor.java:490)
at org.openqa.selenium.remote.codec.w3c.W3CHttpResponseCodec.createException(W3CHttpResponseCodec.java:200)
at org.openqa.selenium.remote.codec.w3c.W3CHttpResponseCodec.decode(W3CHttpResponseCodec.java:133)
at org.openqa.selenium.remote.codec.w3c.W3CHttpResponseCodec.decode(W3CHttpResponseCodec.java:53)
at org.openqa.selenium.remote.HttpCommandExecutor.execute(HttpCommandExecutor.java:184)
at org.openqa.selenium.remote.service.DriverCommandExecutor.invokeExecute(DriverCommandExecutor.java:164)
at org.openqa.selenium.remote.service.DriverCommandExecutor.execute(DriverCommandExecutor.java:139)
at org.openqa.selenium.remote.RemoteWebDriver.execute(RemoteWebDriver.java:559)
at org.openqa.selenium.remote.ElementLocation$ElementFinder$2.findElement(ElementLocation.java:162)
at org.openqa.selenium.remote.ElementLocation.findElement(ElementLocation.java:60)
at org.openqa.selenium.remote.RemoteWebDriver.findElement(RemoteWebDriver.java:383)
at org.openqa.selenium.remote.RemoteWebDriver.findElement(RemoteWebDriver.java:375)
at org.openqa.selenium.support.pagefactory.DefaultElementLocator.findElement(DefaultElementLocator.java:70)
at org.openqa.selenium.support.pagefactory.internal.LocatingElementHandler.invoke(LocatingElementHandler.java:39)
at com.sun.proxy.$Proxy17.click(Unknown Source)
at flipkart.Searchresultspage.selectproduct(Searchresultspage.java:45)
at Testcases.Productavailability.product(Productavailability.java:52)
at java.base/jdk.internal.reflect.NativeMethodAccessorImpl.invoke0(Native Method)
at java.base/jdk.internal.reflect.NativeMethodAccessorImpl.invoke(NativeMethodAccessorImpl.java:62)
at java.base/jdk.internal.reflect.DelegatingMethodAccessorImpl.invoke(DelegatingMethodAccessorImpl.java:43)
at java.base/java.lang.reflect.Method.invoke(Method.java:566)
at org.testng.internal.MethodInvocationHelper.invokeMethod(MethodInvocationHelper.java:133)
at org.testng.internal.TestInvoker.invokeMethod(TestInvoker.java:598)
at org.testng.internal.TestInvoker.invokeTestMethod(TestInvoker.java:173)
at org.testng.internal.MethodRunner.runInSequence(MethodRunner.java:46)
at org.testng.internal.TestInvoker$MethodInvocationAgent.invoke(TestInvoker.java:824)
at org.testng.internal.TestInvoker.invokeTestMethods(TestInvoker.java:146)
at org.testng.internal.TestMethodWorker.invokeTestMethods(TestMethodWorker.java:146)
at org.testng.internal.TestMethodWorker.run(TestMethodWorker.java:128)
at java.base/java.util.concurrent.ThreadPoolExecutor.runWorker(ThreadPoolExecutor.java:1128)
at java.base/java.util.concurrent.ThreadPoolExecutor$Worker.run(ThreadPoolExecutor.java:628)
at java.base/java.lang.Thread.run(Thread.java:834)
]]>
            </full-stacktrace>
          </exception> <!-- org.openqa.selenium.NoSuchElementException -->
          <reporter-output>
          </reporter-output>
        </test-method> <!-- product -->
        <test-method is-config="true" signature="closur()[pri:0, instance:Testcases.Productavailability@662b4c69]" started-at="2022-02-25T13:58:17 IST" name="closur" finished-at="2022-02-25T13:58:19 IST" duration-ms="1266" status="PASS">
          <reporter-output>
          </reporter-output>
        </test-method> <!-- closur -->
        <test-method is-config="true" signature="later()[pri:0, instance:Testcases.Productavailability@662b4c69]" started-at="2022-02-25T13:59:57 IST" name="later" finished-at="2022-02-25T13:59:58 IST" duration-ms="1389" status="PASS">
          <reporter-output>
          </reporter-output>
        </test-method> <!-- later -->
      </class> <!-- Testcases.Productavailability -->
      <class name="Testcases.Demo">
        <test-method is-config="true" signature="initialization()[pri:0, instance:Testcases.Demo@bd4dc25]" started-at="2022-02-25T13:58:19 IST" name="initialization" finished-at="2022-02-25T13:58:28 IST" duration-ms="9204" status="PASS">
          <reporter-output>
          </reporter-output>
        </test-method> <!-- initialization -->
        <test-method signature="verifyLogo(java.lang.String,java.lang.String,java.lang.String)[pri:0, instance:Testcases.Demo@bd4dc25]" started-at="2022-02-25T13:58:28 IST" name="verifyLogo" data-provider="getrdata" finished-at="2022-02-25T13:58:35 IST" duration-ms="7682" status="PASS">
          <params>
            <param index="0">
              <value>
                <![CDATA[9701763306]]>
              </value>
            </param>
            <param index="1">
              <value>
                <![CDATA[prava@56789]]>
              </value>
            </param>
            <param index="2">
              <value>
                <![CDATA[registered user]]>
              </value>
            </param>
          </params>
          <reporter-output>
          </reporter-output>
        </test-method> <!-- verifyLogo -->
        <test-method is-config="true" signature="closur()[pri:0, instance:Testcases.Demo@bd4dc25]" started-at="2022-02-25T13:58:35 IST" name="closur" finished-at="2022-02-25T13:58:37 IST" duration-ms="1252" status="PASS">
          <reporter-output>
          </reporter-output>
        </test-method> <!-- closur -->
      </class> <!-- Testcases.Demo -->
    </test> <!-- Test -->
  </suite> <!-- Suite -->
</testng-results>
